<?xml version="1.0" encoding="UTF-8"?>
<!-- Generated by org.testng.reporters.JUnitReportReporter -->
<testsuite hostname="BDC7-L-6441QZG" name="com.ibibo.TestSuite.TC_001_HomePageValidation" tests="1" failures="0" timestamp="16 Jul 2019 18:22:27 GMT" time="0.085" errors="1">
  <testcase name="validatePageElementsOfHomePage" time="0.085" classname="com.ibibo.TestSuite.TC_001_HomePageValidation">
    <error type="org.testng.TestNGException" message="
The data provider is trying to pass 1 parameters but the method com.ibibo.TestSuite.TC_001_HomePageValidation#validatePageElementsOfHomePage takes 0">
      <![CDATA[org.testng.TestNGException: 
The data provider is trying to pass 1 parameters but the method com.ibibo.TestSuite.TC_001_HomePageValidation#validatePageElementsOfHomePage takes 0
	at org.testng.internal.Invoker.injectParameters(Invoker.java:1231)
	at org.testng.internal.Invoker.invokeTestMethods(Invoker.java:1124)
	at org.testng.internal.TestMethodWorker.invokeTestMethods(TestMethodWorker.java:129)
	at org.testng.internal.TestMethodWorker.run(TestMethodWorker.java:112)
	at org.testng.TestRunner.privateRun(TestRunner.java:782)
	at org.testng.TestRunner.run(TestRunner.java:632)
	at org.testng.SuiteRunner.runTest(SuiteRunner.java:366)
	at org.testng.SuiteRunner.access$000(SuiteRunner.java:39)
	at org.testng.SuiteRunner$SuiteWorker.run(SuiteRunner.java:400)
	at org.testng.internal.thread.ThreadUtil$2.call(ThreadUtil.java:64)
	at java.util.concurrent.FutureTask.run(FutureTask.java:266)
	at java.util.concurrent.ThreadPoolExecutor.runWorker(ThreadPoolExecutor.java:1149)
	at java.util.concurrent.ThreadPoolExecutor$Worker.run(ThreadPoolExecutor.java:624)
	at java.lang.Thread.run(Thread.java:748)
]]>
    </error>
  </testcase> <!-- validatePageElementsOfHomePage -->
</testsuite> <!-- com.ibibo.TestSuite.TC_001_HomePageValidation -->
