<?xml version="1.0" encoding="UTF-8"?>
<!-- Generated by org.testng.reporters.JUnitXMLReporter -->
<testsuite hostname="BDC7-L-6441QZG" name="HomePageValidation" tests="1" failures="1" timestamp="16 Jul 2019 18:19:30 GMT" time="29.276" errors="0">
  <testcase name="validatePageElementsOfHomePage" time="0.085" classname="com.ibibo.TestSuite.TC_001_HomePageValidation">
    <failure type="org.testng.TestNGException" message="
The data provider is trying to pass 1 parameters but the method com.ibibo.TestSuite.TC_001_HomePageValidation#validatePageElementsOfHomePage takes 0">
      <![CDATA[org.testng.TestNGException: 
The data provider is trying to pass 1 parameters but the method com.ibibo.TestSuite.TC_001_HomePageValidation#validatePageElementsOfHomePage takes 0
	at java.util.concurrent.FutureTask.run(FutureTask.java:266)
	at java.util.concurrent.ThreadPoolExecutor.runWorker(ThreadPoolExecutor.java:1149)
	at java.util.concurrent.ThreadPoolExecutor$Worker.run(ThreadPoolExecutor.java:624)
	at java.lang.Thread.run(Thread.java:748)
... Removed 10 stack frames]]>
    </failure>
  </testcase> <!-- validatePageElementsOfHomePage -->
</testsuite> <!-- HomePageValidation -->
