<?xml version="1.0" encoding="UTF-8"?>
<!-- Generated by org.testng.reporters.JUnitXMLReporter -->
<testsuite hostname="BDC7-L-6441QZG" name="Test" tests="3" failures="1" timestamp="16 Jul 2019 18:00:34 GMT" time="197.129" errors="0">
  <testcase name="@AfterTest endTest" time="0.0" classname="com.ibibo.TestSuite.TC_001_HomePageValidation">
    <failure type="org.openqa.selenium.NoSuchSessionException" message="Session ID is null. Using WebDriver after calling quit()?
Build info: version: &amp;apos;3.141.59&amp;apos;, revision: &amp;apos;e82be7d358&amp;apos;, time: &amp;apos;2018-11-14T08:17:03&amp;apos;
System info: host: &amp;apos;BDC7-L-6441QZG&amp;apos;, ip: &amp;apos;192.168.1.6&amp;apos;, os.name: &amp;apos;Windows 10&amp;apos;, os.arch: &amp;apos;amd64&amp;apos;, os.version: &amp;apos;10.0&amp;apos;, java.version: &amp;apos;1.8.0_201&amp;apos;
Driver info: driver.version: RemoteWebDriver">
      <![CDATA[org.openqa.selenium.NoSuchSessionException: Session ID is null. Using WebDriver after calling quit()?
Build info: version: '3.141.59', revision: 'e82be7d358', time: '2018-11-14T08:17:03'
System info: host: 'BDC7-L-6441QZG', ip: '192.168.1.6', os.name: 'Windows 10', os.arch: 'amd64', os.version: '10.0', java.version: '1.8.0_201'
Driver info: driver.version: RemoteWebDriver
	at org.openqa.selenium.remote.HttpCommandExecutor.execute(HttpCommandExecutor.java:125)
	at org.openqa.selenium.remote.service.DriverCommandExecutor.execute(DriverCommandExecutor.java:83)
	at org.openqa.selenium.remote.RemoteWebDriver.execute(RemoteWebDriver.java:552)
	at org.openqa.selenium.remote.RemoteWebDriver.execute(RemoteWebDriver.java:609)
	at org.openqa.selenium.remote.RemoteWebDriver.close(RemoteWebDriver.java:442)
	at com.ibibo.TestSuite.TC_002_SearchFlight.endTest(TC_002_SearchFlight.java:120)
... Removed 22 stack frames]]>
    </failure>
  </testcase> <!-- @AfterTest endTest -->
  <testcase name="validatePageElementsOfHomePage" time="0.087" classname="com.ibibo.TestSuite.TC_001_HomePageValidation">
    <failure type="org.testng.TestNGException" message="
The data provider is trying to pass 1 parameters but the method com.ibibo.TestSuite.TC_001_HomePageValidation#validatePageElementsOfHomePage takes 0">
      <![CDATA[org.testng.TestNGException: 
The data provider is trying to pass 1 parameters but the method com.ibibo.TestSuite.TC_001_HomePageValidation#validatePageElementsOfHomePage takes 0
... Removed 18 stack frames]]>
    </failure>
  </testcase> <!-- validatePageElementsOfHomePage -->
  <testcase name="searchFlight" time="26.244" classname="com.ibibo.TestSuite.TC_002_SearchFlight"/>
  <testcase name="searchFlightInCostDecendingOrder" time="143.972" classname="com.ibibo.TestSuite.TC_002_SearchFlight"/>
</testsuite> <!-- Test -->
